[2025-08-16 01:47:10,997: INFO: common: Successfully loaded file config\config.yaml]
[2025-08-16 01:47:11,001: INFO: common: Successfully loaded file params.yaml]
[2025-08-16 01:48:43,913: INFO: common: Successfully loaded file config\config.yaml]
[2025-08-16 01:48:43,914: INFO: common: Successfully loaded file params.yaml]
[2025-08-16 01:48:43,915: INFO: common: Successfully loaded file schema.yaml]
[2025-08-16 01:48:43,916: INFO: common: artifacts directory has been created successfully]
[2025-08-16 01:48:43,916: INFO: common: artifacts/data_ingestion directory has been created successfully]
[2025-08-16 01:48:45,624: INFO: 2067571787: File artifacts/data_ingestion/data.zip downloaded with following info: Connection: close
Content-Length: 23329
Cache-Control: max-age=300
Content-Security-Policy: default-src 'none'; style-src 'unsafe-inline'; sandbox
Content-Type: application/zip
ETag: "c69888a4ae59bc5a893392785a938ccd4937981c06ba8a9d6a21aa52b4ab5b6e"
Strict-Transport-Security: max-age=31536000
X-Content-Type-Options: nosniff
X-Frame-Options: deny
X-XSS-Protection: 1; mode=block
X-GitHub-Request-Id: A60F:29CC74:9DA9:B90E:689F9D2C
Accept-Ranges: bytes
Date: Fri, 15 Aug 2025 20:48:44 GMT
Via: 1.1 varnish
X-Served-By: cache-mrs1050087-MRS
X-Cache: MISS
X-Cache-Hits: 0
X-Timer: S1755290924.444667,VS0,VE261
Vary: Authorization,Accept-Encoding
Access-Control-Allow-Origin: *
Cross-Origin-Resource-Policy: cross-origin
X-Fastly-Request-ID: 990b31f40da819c1f9a2d98dd09ad5cc10dc56d1
Expires: Fri, 15 Aug 2025 20:53:44 GMT
Source-Age: 0

]
[2025-08-16 13:34:41,165: INFO: common: Successfully loaded file config\config.yaml]
[2025-08-16 13:34:41,167: INFO: common: Successfully loaded file params.yaml]
[2025-08-16 13:34:41,169: INFO: common: Successfully loaded file schema.yaml]
[2025-08-16 13:34:41,170: INFO: common: artifacts directory has been created successfully]
[2025-08-16 13:34:41,171: INFO: common: artifacts/data_validation directory has been created successfully]
[2025-08-16 18:10:30,830: INFO: common: Successfully loaded file config\config.yaml]
[2025-08-16 18:10:30,833: INFO: common: Successfully loaded file params.yaml]
[2025-08-16 18:10:30,836: INFO: common: Successfully loaded file schema.yaml]
[2025-08-16 18:10:30,838: INFO: common: artifacts directory has been created successfully]
[2025-08-16 18:10:30,839: INFO: common: artifacts/data_transformation directory has been created successfully]
[2025-08-16 18:10:30,896: INFO: 3819120147: Train-Test split completed]
[2025-08-16 18:10:30,896: INFO: 3819120147: (1199, 12)]
[2025-08-16 18:10:30,897: INFO: 3819120147: (400, 12)]
[2025-08-16 23:08:04,384: INFO: common: Successfully loaded file config\config.yaml]
[2025-08-16 23:08:04,386: INFO: common: Successfully loaded file params.yaml]
[2025-08-16 23:08:04,387: INFO: common: Successfully loaded file schema.yaml]
[2025-08-16 23:08:04,388: INFO: common: artifacts directory has been created successfully]
[2025-08-16 23:08:04,389: INFO: common: artifacts/model_trainer directory has been created successfully]
